CRITICAL - 2025-08-28 16:53:59 --> ParseError: syntax error, unexpected end of file, expecting "elseif" or "else" or "endif"
[Method: GET, Route: /]
in APPPATH\Views\login.php on line 56.
 1 SYSTEMPATH\View\View.php(229): CodeIgniter\View\View->CodeIgniter\View\{closure}()
 2 SYSTEMPATH\Common.php(1167): CodeIgniter\View\View->render('login', [], true)
 3 APPPATH\Controllers\Home.php(9): view('login')
 4 SYSTEMPATH\CodeIgniter.php(933): App\Controllers\Home->index()
 5 SYSTEMPATH\CodeIgniter.php(507): CodeIgniter\CodeIgniter->runController(Object(App\Controllers\Home))
 6 SYSTEMPATH\CodeIgniter.php(354): CodeIgniter\CodeIgniter->handleRequest(null, Object(Config\Cache), false)
 7 SYSTEMPATH\Boot.php(363): CodeIgniter\CodeIgniter->run()
 8 SYSTEMPATH\Boot.php(68): CodeIgniter\Boot::runCodeIgniter(Object(CodeIgniter\CodeIgniter))
 9 FCPATH\index.php(59): CodeIgniter\Boot::bootWeb(Object(Config\Paths))
CRITICAL - 2025-08-28 17:09:59 --> ParseError: syntax error, unexpected token "}", expecting "," or ";"
[Method: GET, Route: estudiantes]
in APPPATH\Controllers\EstudiantesController.php on line 47.
 1 SYSTEMPATH\Autoloader\Autoloader.php(295): CodeIgniter\Autoloader\Autoloader->includeFile('C:\\xampp\\htdocs\\fs2025fs\\codeigniter_biblios\\app\\Controllers\\EstudiantesController.php')
 2 SYSTEMPATH\Autoloader\Autoloader.php(271): CodeIgniter\Autoloader\Autoloader->loadInNamespace('App\\Controllers\\EstudiantesController')
 3 [internal function]: CodeIgniter\Autoloader\Autoloader->loadClass('App\\Controllers\\EstudiantesController')
 4 SYSTEMPATH\CodeIgniter.php(885): class_exists('\\App\\Controllers\\EstudiantesController', true)
 5 SYSTEMPATH\CodeIgniter.php(494): CodeIgniter\CodeIgniter->startController()
 6 SYSTEMPATH\CodeIgniter.php(354): CodeIgniter\CodeIgniter->handleRequest(null, Object(Config\Cache), false)
 7 SYSTEMPATH\Boot.php(363): CodeIgniter\CodeIgniter->run()
 8 SYSTEMPATH\Boot.php(68): CodeIgniter\Boot::runCodeIgniter(Object(CodeIgniter\CodeIgniter))
 9 FCPATH\index.php(59): CodeIgniter\Boot::bootWeb(Object(Config\Paths))
CRITICAL - 2025-08-28 17:10:07 --> ParseError: syntax error, unexpected token "}", expecting "," or ";"
[Method: GET, Route: estudiantes]
in APPPATH\Controllers\EstudiantesController.php on line 47.
 1 SYSTEMPATH\Autoloader\Autoloader.php(295): CodeIgniter\Autoloader\Autoloader->includeFile('C:\\xampp\\htdocs\\fs2025fs\\codeigniter_biblios\\app\\Controllers\\EstudiantesController.php')
 2 SYSTEMPATH\Autoloader\Autoloader.php(271): CodeIgniter\Autoloader\Autoloader->loadInNamespace('App\\Controllers\\EstudiantesController')
 3 [internal function]: CodeIgniter\Autoloader\Autoloader->loadClass('App\\Controllers\\EstudiantesController')
 4 SYSTEMPATH\CodeIgniter.php(885): class_exists('\\App\\Controllers\\EstudiantesController', true)
 5 SYSTEMPATH\CodeIgniter.php(494): CodeIgniter\CodeIgniter->startController()
 6 SYSTEMPATH\CodeIgniter.php(354): CodeIgniter\CodeIgniter->handleRequest(null, Object(Config\Cache), false)
 7 SYSTEMPATH\Boot.php(363): CodeIgniter\CodeIgniter->run()
 8 SYSTEMPATH\Boot.php(68): CodeIgniter\Boot::runCodeIgniter(Object(CodeIgniter\CodeIgniter))
 9 FCPATH\index.php(59): CodeIgniter\Boot::bootWeb(Object(Config\Paths))
ERROR - 2025-08-28 17:12:56 --> mysqli_sql_exception: Duplicate entry '2013007' for key 'PRIMARY' in C:\xampp\htdocs\fs2025fs\codeigniter_biblios\system\Database\MySQLi\Connection.php:327
Stack trace:
#0 C:\xampp\htdocs\fs2025fs\codeigniter_biblios\system\Database\MySQLi\Connection.php(327): mysqli->query('INSERT INTO `es...', 0)
#1 C:\xampp\htdocs\fs2025fs\codeigniter_biblios\system\Database\BaseConnection.php(729): CodeIgniter\Database\MySQLi\Connection->execute('INSERT INTO `es...')
#2 C:\xampp\htdocs\fs2025fs\codeigniter_biblios\system\Database\BaseConnection.php(646): CodeIgniter\Database\BaseConnection->simpleQuery('INSERT INTO `es...')
#3 C:\xampp\htdocs\fs2025fs\codeigniter_biblios\system\Database\BaseBuilder.php(2345): CodeIgniter\Database\BaseConnection->query('INSERT INTO `es...', Array, false)
#4 C:\xampp\htdocs\fs2025fs\codeigniter_biblios\system\Model.php(394): CodeIgniter\Database\BaseBuilder->insert()
#5 C:\xampp\htdocs\fs2025fs\codeigniter_biblios\system\BaseModel.php(838): CodeIgniter\Model->doInsert(Array)
#6 C:\xampp\htdocs\fs2025fs\codeigniter_biblios\system\Model.php(797): CodeIgniter\BaseModel->insert(Array, true)
#7 C:\xampp\htdocs\fs2025fs\codeigniter_biblios\app\Controllers\EstudiantesController.php(43): CodeIgniter\Model->insert(Array)
#8 C:\xampp\htdocs\fs2025fs\codeigniter_biblios\system\CodeIgniter.php(933): App\Controllers\EstudiantesController->agregarEstudiante()
#9 C:\xampp\htdocs\fs2025fs\codeigniter_biblios\system\CodeIgniter.php(507): CodeIgniter\CodeIgniter->runController(Object(App\Controllers\EstudiantesController))
#10 C:\xampp\htdocs\fs2025fs\codeigniter_biblios\system\CodeIgniter.php(354): CodeIgniter\CodeIgniter->handleRequest(NULL, Object(Config\Cache), false)
#11 C:\xampp\htdocs\fs2025fs\codeigniter_biblios\system\Boot.php(363): CodeIgniter\CodeIgniter->run()
#12 C:\xampp\htdocs\fs2025fs\codeigniter_biblios\system\Boot.php(68): CodeIgniter\Boot::runCodeIgniter(Object(CodeIgniter\CodeIgniter))
#13 C:\xampp\htdocs\fs2025fs\codeigniter_biblios\public\index.php(59): CodeIgniter\Boot::bootWeb(Object(Config\Paths))
#14 {main}
ERROR - 2025-08-28 17:12:56 --> mysqli_sql_exception: Duplicate entry '2013007' for key 'PRIMARY' in C:\xampp\htdocs\fs2025fs\codeigniter_biblios\system\Database\MySQLi\Connection.php:327
Stack trace:
#0 C:\xampp\htdocs\fs2025fs\codeigniter_biblios\system\Database\MySQLi\Connection.php(327): mysqli->query('INSERT INTO `es...', 0)
#1 C:\xampp\htdocs\fs2025fs\codeigniter_biblios\system\Database\BaseConnection.php(729): CodeIgniter\Database\MySQLi\Connection->execute('INSERT INTO `es...')
#2 C:\xampp\htdocs\fs2025fs\codeigniter_biblios\system\Database\BaseConnection.php(646): CodeIgniter\Database\BaseConnection->simpleQuery('INSERT INTO `es...')
#3 C:\xampp\htdocs\fs2025fs\codeigniter_biblios\system\Database\BaseBuilder.php(2345): CodeIgniter\Database\BaseConnection->query('INSERT INTO `es...', Array, false)
#4 C:\xampp\htdocs\fs2025fs\codeigniter_biblios\system\Model.php(394): CodeIgniter\Database\BaseBuilder->insert()
#5 C:\xampp\htdocs\fs2025fs\codeigniter_biblios\system\BaseModel.php(838): CodeIgniter\Model->doInsert(Array)
#6 C:\xampp\htdocs\fs2025fs\codeigniter_biblios\system\Model.php(797): CodeIgniter\BaseModel->insert(Array, true)
#7 C:\xampp\htdocs\fs2025fs\codeigniter_biblios\app\Controllers\EstudiantesController.php(51): CodeIgniter\Model->insert(Array)
#8 C:\xampp\htdocs\fs2025fs\codeigniter_biblios\system\CodeIgniter.php(933): App\Controllers\EstudiantesController->agregarEstudiante()
#9 C:\xampp\htdocs\fs2025fs\codeigniter_biblios\system\CodeIgniter.php(507): CodeIgniter\CodeIgniter->runController(Object(App\Controllers\EstudiantesController))
#10 C:\xampp\htdocs\fs2025fs\codeigniter_biblios\system\CodeIgniter.php(354): CodeIgniter\CodeIgniter->handleRequest(NULL, Object(Config\Cache), false)
#11 C:\xampp\htdocs\fs2025fs\codeigniter_biblios\system\Boot.php(363): CodeIgniter\CodeIgniter->run()
#12 C:\xampp\htdocs\fs2025fs\codeigniter_biblios\system\Boot.php(68): CodeIgniter\Boot::runCodeIgniter(Object(CodeIgniter\CodeIgniter))
#13 C:\xampp\htdocs\fs2025fs\codeigniter_biblios\public\index.php(59): CodeIgniter\Boot::bootWeb(Object(Config\Paths))
#14 {main}
CRITICAL - 2025-08-28 17:12:56 --> CodeIgniter\Database\Exceptions\DatabaseException: Duplicate entry '2013007' for key 'PRIMARY'
[Method: POST, Route: agregar_estudiante]
in SYSTEMPATH\Database\BaseConnection.php on line 684.
 1 SYSTEMPATH\Database\BaseBuilder.php(2345): CodeIgniter\Database\BaseConnection->query('INSERT INTO `estudiantes` (`carne_alumno`, `nombre`, `apellido`, `direccion`, `telefono`, `email`, `fechanacimiento`, `codigo_grado`) VALUES (:carne_alumno:, :nombre:, :apellido:, :direccion:, :telefono:, :email:, :fechanacimiento:, :codigo_grado:)', [...], false)
 2 SYSTEMPATH\Model.php(394): CodeIgniter\Database\BaseBuilder->insert()
 3 SYSTEMPATH\BaseModel.php(838): CodeIgniter\Model->doInsert([...])
 4 SYSTEMPATH\Model.php(797): CodeIgniter\BaseModel->insert([...], true)
 5 APPPATH\Controllers\EstudiantesController.php(51): CodeIgniter\Model->insert([...])
 6 SYSTEMPATH\CodeIgniter.php(933): App\Controllers\EstudiantesController->agregarEstudiante()
 7 SYSTEMPATH\CodeIgniter.php(507): CodeIgniter\CodeIgniter->runController(Object(App\Controllers\EstudiantesController))
 8 SYSTEMPATH\CodeIgniter.php(354): CodeIgniter\CodeIgniter->handleRequest(null, Object(Config\Cache), false)
 9 SYSTEMPATH\Boot.php(363): CodeIgniter\CodeIgniter->run()
10 SYSTEMPATH\Boot.php(68): CodeIgniter\Boot::runCodeIgniter(Object(CodeIgniter\CodeIgniter))
11 FCPATH\index.php(59): CodeIgniter\Boot::bootWeb(Object(Config\Paths))
CRITICAL - 2025-08-28 17:12:56 --> [Caused by] CodeIgniter\Database\Exceptions\DatabaseException: Duplicate entry '2013007' for key 'PRIMARY'
in SYSTEMPATH\Database\MySQLi\Connection.php on line 332.
 1 SYSTEMPATH\Database\BaseConnection.php(729): CodeIgniter\Database\MySQLi\Connection->execute('INSERT INTO `estudiantes` (`carne_alumno`, `nombre`, `apellido`, `direccion`, `telefono`, `email`, `fechanacimiento`, `codigo_grado`) VALUES (\'2013007\', \'a\', \'a\', \'a\', \'12\', \'sd@mail.com\', \'2025-08-28\', \'1\')')
 2 SYSTEMPATH\Database\BaseConnection.php(646): CodeIgniter\Database\BaseConnection->simpleQuery('INSERT INTO `estudiantes` (`carne_alumno`, `nombre`, `apellido`, `direccion`, `telefono`, `email`, `fechanacimiento`, `codigo_grado`) VALUES (\'2013007\', \'a\', \'a\', \'a\', \'12\', \'sd@mail.com\', \'2025-08-28\', \'1\')')
 3 SYSTEMPATH\Database\BaseBuilder.php(2345): CodeIgniter\Database\BaseConnection->query('INSERT INTO `estudiantes` (`carne_alumno`, `nombre`, `apellido`, `direccion`, `telefono`, `email`, `fechanacimiento`, `codigo_grado`) VALUES (:carne_alumno:, :nombre:, :apellido:, :direccion:, :telefono:, :email:, :fechanacimiento:, :codigo_grado:)', [...], false)
 4 SYSTEMPATH\Model.php(394): CodeIgniter\Database\BaseBuilder->insert()
 5 SYSTEMPATH\BaseModel.php(838): CodeIgniter\Model->doInsert([...])
 6 SYSTEMPATH\Model.php(797): CodeIgniter\BaseModel->insert([...], true)
 7 APPPATH\Controllers\EstudiantesController.php(51): CodeIgniter\Model->insert([...])
 8 SYSTEMPATH\CodeIgniter.php(933): App\Controllers\EstudiantesController->agregarEstudiante()
 9 SYSTEMPATH\CodeIgniter.php(507): CodeIgniter\CodeIgniter->runController(Object(App\Controllers\EstudiantesController))
10 SYSTEMPATH\CodeIgniter.php(354): CodeIgniter\CodeIgniter->handleRequest(null, Object(Config\Cache), false)
11 SYSTEMPATH\Boot.php(363): CodeIgniter\CodeIgniter->run()
12 SYSTEMPATH\Boot.php(68): CodeIgniter\Boot::runCodeIgniter(Object(CodeIgniter\CodeIgniter))
13 FCPATH\index.php(59): CodeIgniter\Boot::bootWeb(Object(Config\Paths))
CRITICAL - 2025-08-28 17:12:56 --> [Caused by] mysqli_sql_exception: Duplicate entry '2013007' for key 'PRIMARY'
in SYSTEMPATH\Database\MySQLi\Connection.php on line 327.
 1 SYSTEMPATH\Database\MySQLi\Connection.php(327): mysqli->query('INSERT INTO `estudiantes` (`carne_alumno`, `nombre`, `apellido`, `direccion`, `telefono`, `email`, `fechanacimiento`, `codigo_grado`) VALUES (\'2013007\', \'a\', \'a\', \'a\', \'12\', \'sd@mail.com\', \'2025-08-28\', \'1\')', 0)
 2 SYSTEMPATH\Database\BaseConnection.php(729): CodeIgniter\Database\MySQLi\Connection->execute('INSERT INTO `estudiantes` (`carne_alumno`, `nombre`, `apellido`, `direccion`, `telefono`, `email`, `fechanacimiento`, `codigo_grado`) VALUES (\'2013007\', \'a\', \'a\', \'a\', \'12\', \'sd@mail.com\', \'2025-08-28\', \'1\')')
 3 SYSTEMPATH\Database\BaseConnection.php(646): CodeIgniter\Database\BaseConnection->simpleQuery('INSERT INTO `estudiantes` (`carne_alumno`, `nombre`, `apellido`, `direccion`, `telefono`, `email`, `fechanacimiento`, `codigo_grado`) VALUES (\'2013007\', \'a\', \'a\', \'a\', \'12\', \'sd@mail.com\', \'2025-08-28\', \'1\')')
 4 SYSTEMPATH\Database\BaseBuilder.php(2345): CodeIgniter\Database\BaseConnection->query('INSERT INTO `estudiantes` (`carne_alumno`, `nombre`, `apellido`, `direccion`, `telefono`, `email`, `fechanacimiento`, `codigo_grado`) VALUES (:carne_alumno:, :nombre:, :apellido:, :direccion:, :telefono:, :email:, :fechanacimiento:, :codigo_grado:)', [...], false)
 5 SYSTEMPATH\Model.php(394): CodeIgniter\Database\BaseBuilder->insert()
 6 SYSTEMPATH\BaseModel.php(838): CodeIgniter\Model->doInsert([...])
 7 SYSTEMPATH\Model.php(797): CodeIgniter\BaseModel->insert([...], true)
 8 APPPATH\Controllers\EstudiantesController.php(51): CodeIgniter\Model->insert([...])
 9 SYSTEMPATH\CodeIgniter.php(933): App\Controllers\EstudiantesController->agregarEstudiante()
10 SYSTEMPATH\CodeIgniter.php(507): CodeIgniter\CodeIgniter->runController(Object(App\Controllers\EstudiantesController))
11 SYSTEMPATH\CodeIgniter.php(354): CodeIgniter\CodeIgniter->handleRequest(null, Object(Config\Cache), false)
12 SYSTEMPATH\Boot.php(363): CodeIgniter\CodeIgniter->run()
13 SYSTEMPATH\Boot.php(68): CodeIgniter\Boot::runCodeIgniter(Object(CodeIgniter\CodeIgniter))
14 FCPATH\index.php(59): CodeIgniter\Boot::bootWeb(Object(Config\Paths))
ERROR - 2025-08-28 17:13:43 --> mysqli_sql_exception: Duplicate entry '2013007' for key 'PRIMARY' in C:\xampp\htdocs\fs2025fs\codeigniter_biblios\system\Database\MySQLi\Connection.php:327
Stack trace:
#0 C:\xampp\htdocs\fs2025fs\codeigniter_biblios\system\Database\MySQLi\Connection.php(327): mysqli->query('INSERT INTO `es...', 0)
#1 C:\xampp\htdocs\fs2025fs\codeigniter_biblios\system\Database\BaseConnection.php(729): CodeIgniter\Database\MySQLi\Connection->execute('INSERT INTO `es...')
#2 C:\xampp\htdocs\fs2025fs\codeigniter_biblios\system\Database\BaseConnection.php(646): CodeIgniter\Database\BaseConnection->simpleQuery('INSERT INTO `es...')
#3 C:\xampp\htdocs\fs2025fs\codeigniter_biblios\system\Database\BaseBuilder.php(2345): CodeIgniter\Database\BaseConnection->query('INSERT INTO `es...', Array, false)
#4 C:\xampp\htdocs\fs2025fs\codeigniter_biblios\system\Model.php(394): CodeIgniter\Database\BaseBuilder->insert()
#5 C:\xampp\htdocs\fs2025fs\codeigniter_biblios\system\BaseModel.php(838): CodeIgniter\Model->doInsert(Array)
#6 C:\xampp\htdocs\fs2025fs\codeigniter_biblios\system\Model.php(797): CodeIgniter\BaseModel->insert(Array, true)
#7 C:\xampp\htdocs\fs2025fs\codeigniter_biblios\app\Controllers\EstudiantesController.php(43): CodeIgniter\Model->insert(Array)
#8 C:\xampp\htdocs\fs2025fs\codeigniter_biblios\system\CodeIgniter.php(933): App\Controllers\EstudiantesController->agregarEstudiante()
#9 C:\xampp\htdocs\fs2025fs\codeigniter_biblios\system\CodeIgniter.php(507): CodeIgniter\CodeIgniter->runController(Object(App\Controllers\EstudiantesController))
#10 C:\xampp\htdocs\fs2025fs\codeigniter_biblios\system\CodeIgniter.php(354): CodeIgniter\CodeIgniter->handleRequest(NULL, Object(Config\Cache), false)
#11 C:\xampp\htdocs\fs2025fs\codeigniter_biblios\system\Boot.php(363): CodeIgniter\CodeIgniter->run()
#12 C:\xampp\htdocs\fs2025fs\codeigniter_biblios\system\Boot.php(68): CodeIgniter\Boot::runCodeIgniter(Object(CodeIgniter\CodeIgniter))
#13 C:\xampp\htdocs\fs2025fs\codeigniter_biblios\public\index.php(59): CodeIgniter\Boot::bootWeb(Object(Config\Paths))
#14 {main}
ERROR - 2025-08-28 17:24:22 --> mysqli_sql_exception: Duplicate entry '2013007' for key 'PRIMARY' in C:\xampp\htdocs\fs2025fs\codeigniter_biblios\system\Database\MySQLi\Connection.php:327
Stack trace:
#0 C:\xampp\htdocs\fs2025fs\codeigniter_biblios\system\Database\MySQLi\Connection.php(327): mysqli->query('INSERT INTO `es...', 0)
#1 C:\xampp\htdocs\fs2025fs\codeigniter_biblios\system\Database\BaseConnection.php(729): CodeIgniter\Database\MySQLi\Connection->execute('INSERT INTO `es...')
#2 C:\xampp\htdocs\fs2025fs\codeigniter_biblios\system\Database\BaseConnection.php(646): CodeIgniter\Database\BaseConnection->simpleQuery('INSERT INTO `es...')
#3 C:\xampp\htdocs\fs2025fs\codeigniter_biblios\system\Database\BaseBuilder.php(2345): CodeIgniter\Database\BaseConnection->query('INSERT INTO `es...', Array, false)
#4 C:\xampp\htdocs\fs2025fs\codeigniter_biblios\system\Model.php(394): CodeIgniter\Database\BaseBuilder->insert()
#5 C:\xampp\htdocs\fs2025fs\codeigniter_biblios\system\BaseModel.php(838): CodeIgniter\Model->doInsert(Array)
#6 C:\xampp\htdocs\fs2025fs\codeigniter_biblios\system\Model.php(797): CodeIgniter\BaseModel->insert(Array, true)
#7 C:\xampp\htdocs\fs2025fs\codeigniter_biblios\app\Controllers\EstudiantesController.php(43): CodeIgniter\Model->insert(Array)
#8 C:\xampp\htdocs\fs2025fs\codeigniter_biblios\system\CodeIgniter.php(933): App\Controllers\EstudiantesController->agregarEstudiante()
#9 C:\xampp\htdocs\fs2025fs\codeigniter_biblios\system\CodeIgniter.php(507): CodeIgniter\CodeIgniter->runController(Object(App\Controllers\EstudiantesController))
#10 C:\xampp\htdocs\fs2025fs\codeigniter_biblios\system\CodeIgniter.php(354): CodeIgniter\CodeIgniter->handleRequest(NULL, Object(Config\Cache), false)
#11 C:\xampp\htdocs\fs2025fs\codeigniter_biblios\system\Boot.php(363): CodeIgniter\CodeIgniter->run()
#12 C:\xampp\htdocs\fs2025fs\codeigniter_biblios\system\Boot.php(68): CodeIgniter\Boot::runCodeIgniter(Object(CodeIgniter\CodeIgniter))
#13 C:\xampp\htdocs\fs2025fs\codeigniter_biblios\public\index.php(59): CodeIgniter\Boot::bootWeb(Object(Config\Paths))
#14 {main}
ERROR - 2025-08-28 17:24:47 --> mysqli_sql_exception: Duplicate entry '2013007' for key 'PRIMARY' in C:\xampp\htdocs\fs2025fs\codeigniter_biblios\system\Database\MySQLi\Connection.php:327
Stack trace:
#0 C:\xampp\htdocs\fs2025fs\codeigniter_biblios\system\Database\MySQLi\Connection.php(327): mysqli->query('INSERT INTO `es...', 0)
#1 C:\xampp\htdocs\fs2025fs\codeigniter_biblios\system\Database\BaseConnection.php(729): CodeIgniter\Database\MySQLi\Connection->execute('INSERT INTO `es...')
#2 C:\xampp\htdocs\fs2025fs\codeigniter_biblios\system\Database\BaseConnection.php(646): CodeIgniter\Database\BaseConnection->simpleQuery('INSERT INTO `es...')
#3 C:\xampp\htdocs\fs2025fs\codeigniter_biblios\system\Database\BaseBuilder.php(2345): CodeIgniter\Database\BaseConnection->query('INSERT INTO `es...', Array, false)
#4 C:\xampp\htdocs\fs2025fs\codeigniter_biblios\system\Model.php(394): CodeIgniter\Database\BaseBuilder->insert()
#5 C:\xampp\htdocs\fs2025fs\codeigniter_biblios\system\BaseModel.php(838): CodeIgniter\Model->doInsert(Array)
#6 C:\xampp\htdocs\fs2025fs\codeigniter_biblios\system\Model.php(797): CodeIgniter\BaseModel->insert(Array, true)
#7 C:\xampp\htdocs\fs2025fs\codeigniter_biblios\app\Controllers\EstudiantesController.php(43): CodeIgniter\Model->insert(Array)
#8 C:\xampp\htdocs\fs2025fs\codeigniter_biblios\system\CodeIgniter.php(933): App\Controllers\EstudiantesController->agregarEstudiante()
#9 C:\xampp\htdocs\fs2025fs\codeigniter_biblios\system\CodeIgniter.php(507): CodeIgniter\CodeIgniter->runController(Object(App\Controllers\EstudiantesController))
#10 C:\xampp\htdocs\fs2025fs\codeigniter_biblios\system\CodeIgniter.php(354): CodeIgniter\CodeIgniter->handleRequest(NULL, Object(Config\Cache), false)
#11 C:\xampp\htdocs\fs2025fs\codeigniter_biblios\system\Boot.php(363): CodeIgniter\CodeIgniter->run()
#12 C:\xampp\htdocs\fs2025fs\codeigniter_biblios\system\Boot.php(68): CodeIgniter\Boot::runCodeIgniter(Object(CodeIgniter\CodeIgniter))
#13 C:\xampp\htdocs\fs2025fs\codeigniter_biblios\public\index.php(59): CodeIgniter\Boot::bootWeb(Object(Config\Paths))
#14 {main}
CRITICAL - 2025-08-28 17:41:42 --> ErrorException: Attempt to read property "codigo_libro" on array
[Method: GET, Route: libros]
in APPPATH\Views\libros\libros.php on line 29.
 1 APPPATH\Views\libros\libros.php(29): CodeIgniter\Debug\Exceptions->errorHandler(2, 'Attempt to read property "codigo_libro" on array', 'C:\\xampp\\htdocs\\fs2025fs\\codeigniter_biblios\\app\\Views\\libros\\libros.php', 29)
 2 SYSTEMPATH\View\View.php(226): include('C:\\xampp\\htdocs\\fs2025fs\\codeigniter_biblios\\app\\Views\\libros\\libros.php')
 3 SYSTEMPATH\View\View.php(229): CodeIgniter\View\View->CodeIgniter\View\{closure}()
 4 SYSTEMPATH\Common.php(1167): CodeIgniter\View\View->render('libros/libros', [], true)
 5 APPPATH\Controllers\LibrosController.php(25): view('libros/libros', [...])
 6 SYSTEMPATH\CodeIgniter.php(933): App\Controllers\LibrosController->index()
 7 SYSTEMPATH\CodeIgniter.php(507): CodeIgniter\CodeIgniter->runController(Object(App\Controllers\LibrosController))
 8 SYSTEMPATH\CodeIgniter.php(354): CodeIgniter\CodeIgniter->handleRequest(null, Object(Config\Cache), false)
 9 SYSTEMPATH\Boot.php(363): CodeIgniter\CodeIgniter->run()
10 SYSTEMPATH\Boot.php(68): CodeIgniter\Boot::runCodeIgniter(Object(CodeIgniter\CodeIgniter))
11 FCPATH\index.php(59): CodeIgniter\Boot::bootWeb(Object(Config\Paths))
CRITICAL - 2025-08-28 17:42:09 --> ErrorException: Attempt to read property "codigo_libro" on array
[Method: GET, Route: libros]
in APPPATH\Views\libros\libros.php on line 29.
 1 APPPATH\Views\libros\libros.php(29): CodeIgniter\Debug\Exceptions->errorHandler(2, 'Attempt to read property "codigo_libro" on array', 'C:\\xampp\\htdocs\\fs2025fs\\codeigniter_biblios\\app\\Views\\libros\\libros.php', 29)
 2 SYSTEMPATH\View\View.php(226): include('C:\\xampp\\htdocs\\fs2025fs\\codeigniter_biblios\\app\\Views\\libros\\libros.php')
 3 SYSTEMPATH\View\View.php(229): CodeIgniter\View\View->CodeIgniter\View\{closure}()
 4 SYSTEMPATH\Common.php(1167): CodeIgniter\View\View->render('libros/libros', [], true)
 5 APPPATH\Controllers\LibrosController.php(25): view('libros/libros', [...])
 6 SYSTEMPATH\CodeIgniter.php(933): App\Controllers\LibrosController->index()
 7 SYSTEMPATH\CodeIgniter.php(507): CodeIgniter\CodeIgniter->runController(Object(App\Controllers\LibrosController))
 8 SYSTEMPATH\CodeIgniter.php(354): CodeIgniter\CodeIgniter->handleRequest(null, Object(Config\Cache), false)
 9 SYSTEMPATH\Boot.php(363): CodeIgniter\CodeIgniter->run()
10 SYSTEMPATH\Boot.php(68): CodeIgniter\Boot::runCodeIgniter(Object(CodeIgniter\CodeIgniter))
11 FCPATH\index.php(59): CodeIgniter\Boot::bootWeb(Object(Config\Paths))
CRITICAL - 2025-08-28 17:44:56 --> ErrorException: Attempt to read property "titulo" on array
[Method: GET, Route: libros]
in APPPATH\Views\libros\libros.php on line 30.
 1 APPPATH\Views\libros\libros.php(30): CodeIgniter\Debug\Exceptions->errorHandler(2, 'Attempt to read property "titulo" on array', 'C:\\xampp\\htdocs\\fs2025fs\\codeigniter_biblios\\app\\Views\\libros\\libros.php', 30)
 2 SYSTEMPATH\View\View.php(226): include('C:\\xampp\\htdocs\\fs2025fs\\codeigniter_biblios\\app\\Views\\libros\\libros.php')
 3 SYSTEMPATH\View\View.php(229): CodeIgniter\View\View->CodeIgniter\View\{closure}()
 4 SYSTEMPATH\Common.php(1167): CodeIgniter\View\View->render('libros/libros', [], true)
 5 APPPATH\Controllers\LibrosController.php(25): view('libros/libros', [...])
 6 SYSTEMPATH\CodeIgniter.php(933): App\Controllers\LibrosController->index()
 7 SYSTEMPATH\CodeIgniter.php(507): CodeIgniter\CodeIgniter->runController(Object(App\Controllers\LibrosController))
 8 SYSTEMPATH\CodeIgniter.php(354): CodeIgniter\CodeIgniter->handleRequest(null, Object(Config\Cache), false)
 9 SYSTEMPATH\Boot.php(363): CodeIgniter\CodeIgniter->run()
10 SYSTEMPATH\Boot.php(68): CodeIgniter\Boot::runCodeIgniter(Object(CodeIgniter\CodeIgniter))
11 FCPATH\index.php(59): CodeIgniter\Boot::bootWeb(Object(Config\Paths))
CRITICAL - 2025-08-28 17:46:55 --> ErrorException: Attempt to read property "codigo_libro" on array
[Method: GET, Route: libros]
in APPPATH\Views\libros\libros.php on line 36.
 1 APPPATH\Views\libros\libros.php(36): CodeIgniter\Debug\Exceptions->errorHandler(2, 'Attempt to read property "codigo_libro" on array', 'C:\\xampp\\htdocs\\fs2025fs\\codeigniter_biblios\\app\\Views\\libros\\libros.php', 36)
 2 SYSTEMPATH\View\View.php(226): include('C:\\xampp\\htdocs\\fs2025fs\\codeigniter_biblios\\app\\Views\\libros\\libros.php')
 3 SYSTEMPATH\View\View.php(229): CodeIgniter\View\View->CodeIgniter\View\{closure}()
 4 SYSTEMPATH\Common.php(1167): CodeIgniter\View\View->render('libros/libros', [], true)
 5 APPPATH\Controllers\LibrosController.php(25): view('libros/libros', [...])
 6 SYSTEMPATH\CodeIgniter.php(933): App\Controllers\LibrosController->index()
 7 SYSTEMPATH\CodeIgniter.php(507): CodeIgniter\CodeIgniter->runController(Object(App\Controllers\LibrosController))
 8 SYSTEMPATH\CodeIgniter.php(354): CodeIgniter\CodeIgniter->handleRequest(null, Object(Config\Cache), false)
 9 SYSTEMPATH\Boot.php(363): CodeIgniter\CodeIgniter->run()
10 SYSTEMPATH\Boot.php(68): CodeIgniter\Boot::runCodeIgniter(Object(CodeIgniter\CodeIgniter))
11 FCPATH\index.php(59): CodeIgniter\Boot::bootWeb(Object(Config\Paths))
CRITICAL - 2025-08-28 17:47:42 --> ErrorException: Attempt to read property "codigo_libro" on array
[Method: GET, Route: libros]
in APPPATH\Views\libros\libros.php on line 38.
 1 APPPATH\Views\libros\libros.php(38): CodeIgniter\Debug\Exceptions->errorHandler(2, 'Attempt to read property "codigo_libro" on array', 'C:\\xampp\\htdocs\\fs2025fs\\codeigniter_biblios\\app\\Views\\libros\\libros.php', 38)
 2 SYSTEMPATH\View\View.php(226): include('C:\\xampp\\htdocs\\fs2025fs\\codeigniter_biblios\\app\\Views\\libros\\libros.php')
 3 SYSTEMPATH\View\View.php(229): CodeIgniter\View\View->CodeIgniter\View\{closure}()
 4 SYSTEMPATH\Common.php(1167): CodeIgniter\View\View->render('libros/libros', [], true)
 5 APPPATH\Controllers\LibrosController.php(25): view('libros/libros', [...])
 6 SYSTEMPATH\CodeIgniter.php(933): App\Controllers\LibrosController->index()
 7 SYSTEMPATH\CodeIgniter.php(507): CodeIgniter\CodeIgniter->runController(Object(App\Controllers\LibrosController))
 8 SYSTEMPATH\CodeIgniter.php(354): CodeIgniter\CodeIgniter->handleRequest(null, Object(Config\Cache), false)
 9 SYSTEMPATH\Boot.php(363): CodeIgniter\CodeIgniter->run()
10 SYSTEMPATH\Boot.php(68): CodeIgniter\Boot::runCodeIgniter(Object(CodeIgniter\CodeIgniter))
11 FCPATH\index.php(59): CodeIgniter\Boot::bootWeb(Object(Config\Paths))
CRITICAL - 2025-08-28 17:50:33 --> ErrorException: Undefined array key "descripcion"
[Method: GET, Route: libros/anadir]
in APPPATH\Views\libros\libros_anadir.php on line 48.
 1 APPPATH\Views\libros\libros_anadir.php(48): CodeIgniter\Debug\Exceptions->errorHandler(2, 'Undefined array key "descripcion"', 'C:\\xampp\\htdocs\\fs2025fs\\codeigniter_biblios\\app\\Views\\libros\\libros_anadir.php', 48)
 2 SYSTEMPATH\View\View.php(226): include('C:\\xampp\\htdocs\\fs2025fs\\codeigniter_biblios\\app\\Views\\libros\\libros_anadir.php')
 3 SYSTEMPATH\View\View.php(229): CodeIgniter\View\View->CodeIgniter\View\{closure}()
 4 SYSTEMPATH\Common.php(1167): CodeIgniter\View\View->render('libros/libros_anadir', [], true)
 5 APPPATH\Controllers\LibrosController.php(39): view('libros/libros_anadir', [...])
 6 SYSTEMPATH\CodeIgniter.php(933): App\Controllers\LibrosController->anadirLibro()
 7 SYSTEMPATH\CodeIgniter.php(507): CodeIgniter\CodeIgniter->runController(Object(App\Controllers\LibrosController))
 8 SYSTEMPATH\CodeIgniter.php(354): CodeIgniter\CodeIgniter->handleRequest(null, Object(Config\Cache), false)
 9 SYSTEMPATH\Boot.php(363): CodeIgniter\CodeIgniter->run()
10 SYSTEMPATH\Boot.php(68): CodeIgniter\Boot::runCodeIgniter(Object(CodeIgniter\CodeIgniter))
11 FCPATH\index.php(59): CodeIgniter\Boot::bootWeb(Object(Config\Paths))
CRITICAL - 2025-08-28 17:50:48 --> ErrorException: Undefined array key "estado"
[Method: GET, Route: libros/anadir]
in APPPATH\Views\libros\libros_anadir.php on line 48.
 1 APPPATH\Views\libros\libros_anadir.php(48): CodeIgniter\Debug\Exceptions->errorHandler(2, 'Undefined array key "estado"', 'C:\\xampp\\htdocs\\fs2025fs\\codeigniter_biblios\\app\\Views\\libros\\libros_anadir.php', 48)
 2 SYSTEMPATH\View\View.php(226): include('C:\\xampp\\htdocs\\fs2025fs\\codeigniter_biblios\\app\\Views\\libros\\libros_anadir.php')
 3 SYSTEMPATH\View\View.php(229): CodeIgniter\View\View->CodeIgniter\View\{closure}()
 4 SYSTEMPATH\Common.php(1167): CodeIgniter\View\View->render('libros/libros_anadir', [], true)
 5 APPPATH\Controllers\LibrosController.php(39): view('libros/libros_anadir', [...])
 6 SYSTEMPATH\CodeIgniter.php(933): App\Controllers\LibrosController->anadirLibro()
 7 SYSTEMPATH\CodeIgniter.php(507): CodeIgniter\CodeIgniter->runController(Object(App\Controllers\LibrosController))
 8 SYSTEMPATH\CodeIgniter.php(354): CodeIgniter\CodeIgniter->handleRequest(null, Object(Config\Cache), false)
 9 SYSTEMPATH\Boot.php(363): CodeIgniter\CodeIgniter->run()
10 SYSTEMPATH\Boot.php(68): CodeIgniter\Boot::runCodeIgniter(Object(CodeIgniter\CodeIgniter))
11 FCPATH\index.php(59): CodeIgniter\Boot::bootWeb(Object(Config\Paths))
